<?xml version="1.0" encoding="UTF-8"?>
<Site BuildName="(empty)"
	BuildStamp="20241002-0007-Experimental"
	Name="(empty)"
	Generator="ctest-3.24.0"
	CompilerName=""
	CompilerVersion=""
	OSName="Windows"
	Hostname="DESKTOP-U0GEA58"
	OSRelease=" Professional"
	OSVersion=" (Build 19045)"
	OSPlatform="AMD64"
	Is64Bits="1"
	VendorString="AuthenticAMD"
	VendorID="Advanced Micro Devices"
	FamilyID="15"
	ModelID="8"
	ProcessorCacheSize="96"
	NumberOfLogicalCPU="12"
	NumberOfPhysicalCPU="6"
	TotalVirtualMemory="18357"
	TotalPhysicalMemory="8117"
	LogicalProcessorsPerPhysical="2"
	ProcessorClockFrequency="3400"
	>
	<Testing>
		<StartDateTime>Oct 01 21:07 Hora estándar de Argentina</StartDateTime>
		<StartTestTime>1727827627</StartTestTime>
		<TestList/>
		<EndDateTime>Oct 01 21:07 Hora estándar de Argentina</EndDateTime>
		<EndTestTime>1727827627</EndTestTime>
		<ElapsedMinutes>0</ElapsedMinutes>
	</Testing>
</Site>
